<?xml version="1.0" encoding="UTF-8"?>
<!-- Generated by org.testng.reporters.JUnitXMLReporter -->
<testsuite ignored="0" hostname="LAPTOP-CH5ODTAG" failures="0" tests="6" name="Test" time="18.992" errors="0" timestamp="2021-06-07T18:35:30 IST">
  <testcase classname="com.githubAutomation.testCases.LandingPageTest" name="verifyingLandingPage" time="0.06"/>
  <testcase classname="com.githubAutomation.testCases.LandingPageTest" name="verifyingRepoResults" time="0.776"/>
  <testcase classname="com.githubAutomation.testCases.LandingPageTest" name="validatingRepository" time="1.38"/>
  <testcase classname="com.githubAutomation.testCases.LandingPageTest" name="verifyingStar" time="2.761"/>
  <testcase classname="com.githubAutomation.testCases.LandingPageTest" name="verifyingUnstar" time="0.307"/>
  <testcase classname="com.githubAutomation.testCases.LandingPageTest" name="verifyingFileSearchField" time="2.085"/>
</testsuite> <!-- Test -->
